<?xml version="1.0" encoding="UTF-8"?>
<!-- Generated by org.testng.reporters.JUnitXMLReporter -->
<testsuite ignored="0" hostname="Hithesh-HPLaptop" failures="1" tests="1" name="Test" time="13.319" errors="0" timestamp="2022-12-24T09:12:14 IST">
  <testcase classname="com.actitime.testscript.CustomerModule" name="testCreateCustomer" time="0.014">
    <failure type="java.io.IOException" message="org.apache.poi.xssf.usermodel.XSSFWorkbookFactory not found - check if poi-ooxml-*.jar is on the classpath.">
      <![CDATA[java.io.IOException: org.apache.poi.xssf.usermodel.XSSFWorkbookFactory not found - check if poi-ooxml-*.jar is on the classpath.
at org.apache.poi.ss.usermodel.WorkbookFactory.initFactory(WorkbookFactory.java:351)
at org.apache.poi.ss.usermodel.WorkbookFactory.initXssf(WorkbookFactory.java:336)
at org.apache.poi.ss.usermodel.WorkbookFactory.create(WorkbookFactory.java:255)
at org.apache.poi.ss.usermodel.WorkbookFactory.create(WorkbookFactory.java:221)
at com.actitime.generic.FileLib.getExcelData(FileLib.java:24)
at com.actitime.testscript.CustomerModule.testCreateCustomer(CustomerModule.java:23)
at java.base/java.util.ArrayList.forEach(ArrayList.java:1511)
... Removed 25 stack frames]]>
    </failure>
  </testcase> <!-- testCreateCustomer -->
</testsuite> <!-- Test -->
